<?xml version="1.0" encoding="UTF-8"?>
<robot generator="Robot 5.0.1 (Python 3.10.8 on win32)" generated="20221023 21:29:56.100" rpa="false" schemaversion="3">
<suite id="s1" name="desafio ABC" source="c:\DesafioABC\DesafioCadastro\desafio_ABC.robot">
<test id="s1-t1" name="CN001: Realizar cadastro com sucesso" line="8">
<kw name="Dado que acesso o site &quot;http://automationpractice.com/index.php?controller=authentication&amp;back=my-account&quot;" library="Resourse" sourcename="Dado que acesso o site &quot;${Site}&quot;">
<kw name="Open Browser" library="SeleniumLibrary">
<arg>url=${Site}</arg>
<arg>browser=${BROWSER}</arg>
<doc>Opens a new browser instance to the optional ``url``.</doc>
<msg timestamp="20221023 21:29:56.532" level="INFO">Opening browser 'chrome' to base url 'http://automationpractice.com/index.php?controller=authentication&amp;back=my-account'.</msg>
<status status="PASS" starttime="20221023 21:29:56.531" endtime="20221023 21:30:05.902"/>
</kw>
<status status="PASS" starttime="20221023 21:29:56.530" endtime="20221023 21:30:05.902"/>
</kw>
<kw name="E insiro um email valido no campo &quot;paulocabral_90@hotmail.com&quot;" library="Resourse" sourcename="E insiro um email valido no campo &quot;${Email}&quot;">
<kw name="Input Text" library="SeleniumLibrary">
<arg>//input[@id='email_create']</arg>
<arg>${Email}</arg>
<doc>Types the given ``text`` into the text field identified by ``locator``.</doc>
<msg timestamp="20221023 21:30:05.906" level="INFO">Typing text 'paulocabral_90@hotmail.com' into text field '//input[@id='email_create']'.</msg>
<status status="PASS" starttime="20221023 21:30:05.904" endtime="20221023 21:30:06.091"/>
</kw>
<status status="PASS" starttime="20221023 21:30:05.903" endtime="20221023 21:30:06.092"/>
</kw>
<kw name="E clico em Create an account" library="Resourse">
<kw name="Click Button" library="SeleniumLibrary">
<arg>//button[@id='SubmitCreate']</arg>
<doc>Clicks the button identified by ``locator``.</doc>
<msg timestamp="20221023 21:30:06.094" level="INFO">Clicking button '//button[@id='SubmitCreate']'.</msg>
<status status="PASS" starttime="20221023 21:30:06.094" endtime="20221023 21:30:06.211"/>
</kw>
<kw name="Wait Until Element Is Visible" library="SeleniumLibrary">
<arg>//div[@class='form-group form-ok']</arg>
<doc>Waits until the element ``locator`` is visible.</doc>
<status status="PASS" starttime="20221023 21:30:06.212" endtime="20221023 21:30:06.247"/>
</kw>
<kw name="Capture Page Screenshot" library="SeleniumLibrary">
<doc>Takes a screenshot of the current page and embeds it into a log file.</doc>
<msg timestamp="20221023 21:30:06.396" level="INFO" html="true">&lt;/td&gt;&lt;/tr&gt;&lt;tr&gt;&lt;td colspan="3"&gt;&lt;a href="selenium-screenshot-1.png"&gt;&lt;img src="selenium-screenshot-1.png" width="800px"&gt;&lt;/a&gt;</msg>
<status status="PASS" starttime="20221023 21:30:06.247" endtime="20221023 21:30:06.397"/>
</kw>
<status status="PASS" starttime="20221023 21:30:06.093" endtime="20221023 21:30:06.397"/>
</kw>
<kw name="E preencho todos os campos" library="Resourse">
<kw name="Sleep" library="BuiltIn">
<arg>5</arg>
<doc>Pauses the test executed for the given time.</doc>
<msg timestamp="20221023 21:30:11.403" level="INFO">Slept 5 seconds</msg>
<status status="PASS" starttime="20221023 21:30:06.399" endtime="20221023 21:30:11.403"/>
</kw>
<kw name="Click Element" library="SeleniumLibrary">
<arg>${title}</arg>
<doc>Click the element identified by ``locator``.</doc>
<msg timestamp="20221023 21:30:11.404" level="INFO">Clicking element '//input[@id='id_gender1']'.</msg>
<status status="PASS" starttime="20221023 21:30:11.404" endtime="20221023 21:30:11.469"/>
</kw>
<kw name="Input Text" library="SeleniumLibrary">
<arg>${First_name}</arg>
<arg>Paulo</arg>
<doc>Types the given ``text`` into the text field identified by ``locator``.</doc>
<msg timestamp="20221023 21:30:11.470" level="INFO">Typing text 'Paulo' into text field '//*[text()='First name ']//..//input[@class='is_required validate form-control']'.</msg>
<status status="PASS" starttime="20221023 21:30:11.469" endtime="20221023 21:30:11.576"/>
</kw>
<kw name="Input Text" library="SeleniumLibrary">
<arg>${Last_name}</arg>
<arg>Cabral</arg>
<doc>Types the given ``text`` into the text field identified by ``locator``.</doc>
<msg timestamp="20221023 21:30:11.576" level="INFO">Typing text 'Cabral' into text field '//*[text()='Last name ']//..//input[@class='is_required validate form-control']'.</msg>
<status status="PASS" starttime="20221023 21:30:11.576" endtime="20221023 21:30:11.696"/>
</kw>
<kw name="Input Text" library="SeleniumLibrary">
<arg>${Email}</arg>
<arg>paulocabral_90@hotmail.com</arg>
<doc>Types the given ``text`` into the text field identified by ``locator``.</doc>
<msg timestamp="20221023 21:30:11.697" level="INFO">Typing text 'paulocabral_90@hotmail.com' into text field '//*[text()='Email ']//..//input[@class='is_required validate form-control']'.</msg>
<status status="PASS" starttime="20221023 21:30:11.696" endtime="20221023 21:30:11.842"/>
</kw>
<kw name="Input Password" library="SeleniumLibrary">
<arg>${Password}</arg>
<arg>12345</arg>
<doc>Types the given password into the text field identified by ``locator``.</doc>
<msg timestamp="20221023 21:30:11.843" level="INFO">Typing password into text field '//*[text()='Password ']//..//input[@class='is_required validate form-control']'.</msg>
<msg timestamp="20221023 21:30:11.893" level="INFO">Temporally setting log level to: NONE</msg>
<msg timestamp="20221023 21:30:11.951" level="INFO">Log level changed from NONE to INFO.</msg>
<status status="PASS" starttime="20221023 21:30:11.842" endtime="20221023 21:30:11.952"/>
</kw>
<kw name="Click Element" library="SeleniumLibrary">
<arg>${Date_day}</arg>
<doc>Click the element identified by ``locator``.</doc>
<msg timestamp="20221023 21:30:11.952" level="INFO">Clicking element '//select[@id='days']//option[@value='11']'.</msg>
<status status="PASS" starttime="20221023 21:30:11.952" endtime="20221023 21:30:12.003"/>
</kw>
<kw name="Click Element" library="SeleniumLibrary">
<arg>${Date_months}</arg>
<doc>Click the element identified by ``locator``.</doc>
<msg timestamp="20221023 21:30:12.004" level="INFO">Clicking element '//select[@id='months']//option[@value='7']'.</msg>
<status status="PASS" starttime="20221023 21:30:12.004" endtime="20221023 21:30:12.056"/>
</kw>
<kw name="Click Element" library="SeleniumLibrary">
<arg>${Date_years}</arg>
<doc>Click the element identified by ``locator``.</doc>
<msg timestamp="20221023 21:30:12.057" level="INFO">Clicking element '//select[@id='years']//option[@value='1990']'.</msg>
<status status="PASS" starttime="20221023 21:30:12.056" endtime="20221023 21:30:12.106"/>
</kw>
<kw name="Input Text" library="SeleniumLibrary">
<arg>${company}</arg>
<arg>Paulo LTDA</arg>
<doc>Types the given ``text`` into the text field identified by ``locator``.</doc>
<msg timestamp="20221023 21:30:12.107" level="INFO">Typing text 'Paulo LTDA' into text field '//input[@id='company']'.</msg>
<status status="PASS" starttime="20221023 21:30:12.107" endtime="20221023 21:30:12.243"/>
</kw>
<kw name="Input Text" library="SeleniumLibrary">
<arg>${address1}</arg>
<arg>Rua teste da silva</arg>
<doc>Types the given ``text`` into the text field identified by ``locator``.</doc>
<msg timestamp="20221023 21:30:12.244" level="INFO">Typing text 'Rua teste da silva' into text field '//input[@id='address1']'.</msg>
<status status="PASS" starttime="20221023 21:30:12.244" endtime="20221023 21:30:12.391"/>
</kw>
<kw name="Input Text" library="SeleniumLibrary">
<arg>${city}</arg>
<arg>Curitiba</arg>
<doc>Types the given ``text`` into the text field identified by ``locator``.</doc>
<msg timestamp="20221023 21:30:12.392" level="INFO">Typing text 'Curitiba' into text field '//input[@id='city']'.</msg>
<status status="PASS" starttime="20221023 21:30:12.392" endtime="20221023 21:30:12.508"/>
</kw>
<kw name="Click Element" library="SeleniumLibrary">
<arg>${id_state}</arg>
<doc>Click the element identified by ``locator``.</doc>
<msg timestamp="20221023 21:30:12.509" level="INFO">Clicking element '//select[@id='id_state']//option[@value='7']'.</msg>
<status status="PASS" starttime="20221023 21:30:12.509" endtime="20221023 21:30:12.556"/>
</kw>
<kw name="Input Text" library="SeleniumLibrary">
<arg>${postcode}</arg>
<arg>00000</arg>
<doc>Types the given ``text`` into the text field identified by ``locator``.</doc>
<msg timestamp="20221023 21:30:12.557" level="INFO">Typing text '00000' into text field '//input[@id='postcode']'.</msg>
<status status="PASS" starttime="20221023 21:30:12.557" endtime="20221023 21:30:12.679"/>
</kw>
<kw name="Input Text" library="SeleniumLibrary">
<arg>${phone_mobile}</arg>
<arg>+554199681-6096</arg>
<doc>Types the given ``text`` into the text field identified by ``locator``.</doc>
<msg timestamp="20221023 21:30:12.680" level="INFO">Typing text '+554199681-6096' into text field '//input[@id='phone_mobile']'.</msg>
<status status="PASS" starttime="20221023 21:30:12.679" endtime="20221023 21:30:12.815"/>
</kw>
<status status="PASS" starttime="20221023 21:30:06.398" endtime="20221023 21:30:12.815"/>
</kw>
<kw name="Quando clico em &quot;Register&quot;" library="Resourse">
<kw name="Click Button" library="SeleniumLibrary">
<arg>//button[@id='submitAccount']</arg>
<doc>Clicks the button identified by ``locator``.</doc>
<msg timestamp="20221023 21:30:12.819" level="INFO">Clicking button '//button[@id='submitAccount']'.</msg>
<status status="PASS" starttime="20221023 21:30:12.818" endtime="20221023 21:30:15.000"/>
</kw>
<kw name="Capture Page Screenshot" library="SeleniumLibrary">
<doc>Takes a screenshot of the current page and embeds it into a log file.</doc>
<msg timestamp="20221023 21:30:15.210" level="INFO" html="true">&lt;/td&gt;&lt;/tr&gt;&lt;tr&gt;&lt;td colspan="3"&gt;&lt;a href="selenium-screenshot-2.png"&gt;&lt;img src="selenium-screenshot-2.png" width="800px"&gt;&lt;/a&gt;</msg>
<status status="PASS" starttime="20221023 21:30:15.001" endtime="20221023 21:30:15.210"/>
</kw>
<status status="PASS" starttime="20221023 21:30:12.817" endtime="20221023 21:30:15.211"/>
</kw>
<kw name="Então devo ser redirecionado para pagina &quot;MY ACCOUNT&quot;" library="Resourse">
<kw name="Wait Until Element Is Visible" library="SeleniumLibrary">
<arg>//span[@class='navigation_page']</arg>
<doc>Waits until the element ``locator`` is visible.</doc>
<status status="PASS" starttime="20221023 21:30:15.213" endtime="20221023 21:30:15.245"/>
</kw>
<kw name="Close All Browsers" library="SeleniumLibrary">
<doc>Closes all open browsers and resets the browser cache.</doc>
<status status="PASS" starttime="20221023 21:30:15.245" endtime="20221023 21:30:17.540"/>
</kw>
<status status="PASS" starttime="20221023 21:30:15.212" endtime="20221023 21:30:17.541"/>
</kw>
<status status="PASS" starttime="20221023 21:29:56.528" endtime="20221023 21:30:17.541"/>
</test>
<doc>criacao de cadastro</doc>
<status status="PASS" starttime="20221023 21:29:56.108" endtime="20221023 21:30:17.544"/>
</suite>
<statistics>
<total>
<stat pass="1" fail="0" skip="0">All Tests</stat>
</total>
<tag>
</tag>
<suite>
<stat pass="1" fail="0" skip="0" id="s1" name="desafio ABC">desafio ABC</stat>
</suite>
</statistics>
<errors>
</errors>
</robot>
