<?xml version="1.0" encoding="UTF-8"?>
<robot generator="Robot 5.0.1 (Python 3.10.8 on win32)" generated="20221023 02:23:58.091" rpa="false" schemaversion="3">
<suite id="s1" name="desafio ABC" source="c:\DesafioABC\DesafioCadastro\desafio_ABC.robot">
<test id="s1-t1" name="CN001: Realizar cadastro com sucesso" line="8">
<kw name="Dado que acesso o site &quot;http://automationpractice.com/index.php?controller=authentication&amp;back=my-account&quot;" library="Resourse" sourcename="Dado que acesso o site &quot;${Site}&quot;">
<kw name="Open Browser" library="SeleniumLibrary">
<arg>url=${Site}</arg>
<arg>browser=${BROWSER}</arg>
<doc>Opens a new browser instance to the optional ``url``.</doc>
<msg timestamp="20221023 02:23:58.469" level="INFO">Opening browser 'chrome' to base url 'http://automationpractice.com/index.php?controller=authentication&amp;back=my-account'.</msg>
<status status="PASS" starttime="20221023 02:23:58.469" endtime="20221023 02:24:09.233"/>
</kw>
<status status="PASS" starttime="20221023 02:23:58.468" endtime="20221023 02:24:09.234"/>
</kw>
<kw name="E insiro um email valido no campo &quot;paulocabral_90@hotmail.com&quot;" library="Resourse" sourcename="E insiro um email valido no campo &quot;${Email}&quot;">
<kw name="Input Text" library="SeleniumLibrary">
<arg>//input[@id='email_create']</arg>
<arg>${Email}</arg>
<doc>Types the given ``text`` into the text field identified by ``locator``.</doc>
<msg timestamp="20221023 02:24:09.237" level="INFO">Typing text 'paulocabral_90@hotmail.com' into text field '//input[@id='email_create']'.</msg>
<status status="PASS" starttime="20221023 02:24:09.236" endtime="20221023 02:24:09.429"/>
</kw>
<status status="PASS" starttime="20221023 02:24:09.235" endtime="20221023 02:24:09.429"/>
</kw>
<kw name="E clico em Create an account" library="Resourse">
<kw name="Click Button" library="SeleniumLibrary">
<arg>//button[@id='SubmitCreate']</arg>
<doc>Clicks the button identified by ``locator``.</doc>
<msg timestamp="20221023 02:24:09.432" level="INFO">Clicking button '//button[@id='SubmitCreate']'.</msg>
<status status="PASS" starttime="20221023 02:24:09.431" endtime="20221023 02:24:09.537"/>
</kw>
<kw name="Wait Until Element Is Visible" library="SeleniumLibrary">
<arg>//div[@class='form-group form-ok']</arg>
<doc>Waits until the element ``locator`` is visible.</doc>
<status status="PASS" starttime="20221023 02:24:09.538" endtime="20221023 02:24:09.741"/>
</kw>
<status status="PASS" starttime="20221023 02:24:09.430" endtime="20221023 02:24:09.741"/>
</kw>
<kw name="E preencho todos os campos" library="Resourse">
<kw name="Sleep" library="BuiltIn">
<arg>5</arg>
<doc>Pauses the test executed for the given time.</doc>
<msg timestamp="20221023 02:24:14.758" level="INFO">Slept 5 seconds</msg>
<status status="PASS" starttime="20221023 02:24:09.743" endtime="20221023 02:24:14.758"/>
</kw>
<kw name="Click Element" library="SeleniumLibrary">
<arg>${title}</arg>
<doc>Click the element identified by ``locator``.</doc>
<msg timestamp="20221023 02:24:14.760" level="INFO">Clicking element '//input[@id='id_gender1']'.</msg>
<status status="PASS" starttime="20221023 02:24:14.759" endtime="20221023 02:24:14.829"/>
</kw>
<kw name="Input Text" library="SeleniumLibrary">
<arg>${First_name}</arg>
<arg>Paulo</arg>
<doc>Types the given ``text`` into the text field identified by ``locator``.</doc>
<msg timestamp="20221023 02:24:14.830" level="INFO">Typing text 'Paulo' into text field '//*[text()='First name ']//..//input[@class='is_required validate form-control']'.</msg>
<status status="PASS" starttime="20221023 02:24:14.829" endtime="20221023 02:24:14.967"/>
</kw>
<kw name="Input Text" library="SeleniumLibrary">
<arg>${Last_name}</arg>
<arg>Cabral</arg>
<doc>Types the given ``text`` into the text field identified by ``locator``.</doc>
<msg timestamp="20221023 02:24:14.968" level="INFO">Typing text 'Cabral' into text field '//*[text()='Last name ']//..//input[@class='is_required validate form-control']'.</msg>
<status status="PASS" starttime="20221023 02:24:14.967" endtime="20221023 02:24:15.100"/>
</kw>
<kw name="Input Text" library="SeleniumLibrary">
<arg>${Email}</arg>
<arg>paulocabral_90@hotmail.com</arg>
<doc>Types the given ``text`` into the text field identified by ``locator``.</doc>
<msg timestamp="20221023 02:24:15.101" level="INFO">Typing text 'paulocabral_90@hotmail.com' into text field '//*[text()='Email ']//..//input[@class='is_required validate form-control']'.</msg>
<status status="PASS" starttime="20221023 02:24:15.100" endtime="20221023 02:24:15.262"/>
</kw>
<kw name="Input Password" library="SeleniumLibrary">
<arg>${Password}</arg>
<arg>12345</arg>
<doc>Types the given password into the text field identified by ``locator``.</doc>
<msg timestamp="20221023 02:24:15.263" level="INFO">Typing password into text field '//*[text()='Password ']//..//input[@class='is_required validate form-control']'.</msg>
<msg timestamp="20221023 02:24:15.316" level="INFO">Temporally setting log level to: NONE</msg>
<msg timestamp="20221023 02:24:15.382" level="INFO">Log level changed from NONE to INFO.</msg>
<status status="PASS" starttime="20221023 02:24:15.262" endtime="20221023 02:24:15.382"/>
</kw>
<kw name="Click Element" library="SeleniumLibrary">
<arg>${Date_day}</arg>
<doc>Click the element identified by ``locator``.</doc>
<msg timestamp="20221023 02:24:15.383" level="INFO">Clicking element '//select[@id='days']//option[@value='11']'.</msg>
<status status="PASS" starttime="20221023 02:24:15.383" endtime="20221023 02:24:15.438"/>
</kw>
<kw name="Click Element" library="SeleniumLibrary">
<arg>${Date_months}</arg>
<doc>Click the element identified by ``locator``.</doc>
<msg timestamp="20221023 02:24:15.440" level="INFO">Clicking element '//select[@id='months']//option[@value='7']'.</msg>
<status status="PASS" starttime="20221023 02:24:15.439" endtime="20221023 02:24:15.490"/>
</kw>
<kw name="Click Element" library="SeleniumLibrary">
<arg>${Date_years}</arg>
<doc>Click the element identified by ``locator``.</doc>
<msg timestamp="20221023 02:24:15.491" level="INFO">Clicking element '//select[@id='years']//option[@value='1990']'.</msg>
<status status="PASS" starttime="20221023 02:24:15.490" endtime="20221023 02:24:15.546"/>
</kw>
<kw name="Input Text" library="SeleniumLibrary">
<arg>${company}</arg>
<arg>Paulo LTDA</arg>
<doc>Types the given ``text`` into the text field identified by ``locator``.</doc>
<msg timestamp="20221023 02:24:15.547" level="INFO">Typing text 'Paulo LTDA' into text field '//input[@id='company']'.</msg>
<status status="PASS" starttime="20221023 02:24:15.546" endtime="20221023 02:24:15.692"/>
</kw>
<kw name="Input Text" library="SeleniumLibrary">
<arg>${address1}</arg>
<arg>Rua teste da silva</arg>
<doc>Types the given ``text`` into the text field identified by ``locator``.</doc>
<msg timestamp="20221023 02:24:15.693" level="INFO">Typing text 'Rua teste da silva' into text field '//input[@id='address1']'.</msg>
<status status="PASS" starttime="20221023 02:24:15.693" endtime="20221023 02:24:15.838"/>
</kw>
<kw name="Input Text" library="SeleniumLibrary">
<arg>${city}</arg>
<arg>Curitiba</arg>
<doc>Types the given ``text`` into the text field identified by ``locator``.</doc>
<msg timestamp="20221023 02:24:15.840" level="INFO">Typing text 'Curitiba' into text field '//input[@id='city']'.</msg>
<status status="PASS" starttime="20221023 02:24:15.839" endtime="20221023 02:24:15.962"/>
</kw>
<kw name="Click Element" library="SeleniumLibrary">
<arg>${id_state}</arg>
<doc>Click the element identified by ``locator``.</doc>
<msg timestamp="20221023 02:24:15.963" level="INFO">Clicking element '//select[@id='id_state']//option[@value='7']'.</msg>
<status status="PASS" starttime="20221023 02:24:15.962" endtime="20221023 02:24:16.017"/>
</kw>
<kw name="Input Text" library="SeleniumLibrary">
<arg>${postcode}</arg>
<arg>00000</arg>
<doc>Types the given ``text`` into the text field identified by ``locator``.</doc>
<msg timestamp="20221023 02:24:16.018" level="INFO">Typing text '00000' into text field '//input[@id='postcode']'.</msg>
<status status="PASS" starttime="20221023 02:24:16.017" endtime="20221023 02:24:16.143"/>
</kw>
<kw name="Input Text" library="SeleniumLibrary">
<arg>${phone_mobile}</arg>
<arg>+554199681-6096</arg>
<doc>Types the given ``text`` into the text field identified by ``locator``.</doc>
<msg timestamp="20221023 02:24:16.144" level="INFO">Typing text '+554199681-6096' into text field '//input[@id='phone_mobile']'.</msg>
<status status="PASS" starttime="20221023 02:24:16.144" endtime="20221023 02:24:16.290"/>
</kw>
<status status="PASS" starttime="20221023 02:24:09.742" endtime="20221023 02:24:16.291"/>
</kw>
<kw name="Quando clico em &quot;Register&quot;" library="Resourse">
<kw name="Click Button" library="SeleniumLibrary">
<arg>//button[@id='submitAccount']</arg>
<doc>Clicks the button identified by ``locator``.</doc>
<msg timestamp="20221023 02:24:16.293" level="INFO">Clicking button '//button[@id='submitAccount']'.</msg>
<status status="PASS" starttime="20221023 02:24:16.292" endtime="20221023 02:24:22.010"/>
</kw>
<status status="PASS" starttime="20221023 02:24:16.292" endtime="20221023 02:24:22.011"/>
</kw>
<kw name="Então devo ser redirecionado para pagina &quot;MY ACCOUNT&quot;" library="Resourse">
<kw name="Wait Until Element Is Visible" library="SeleniumLibrary">
<arg>//span[@class='navigation_page']</arg>
<doc>Waits until the element ``locator`` is visible.</doc>
<status status="PASS" starttime="20221023 02:24:22.013" endtime="20221023 02:24:22.052"/>
</kw>
<kw name="Close All Browsers" library="SeleniumLibrary">
<doc>Closes all open browsers and resets the browser cache.</doc>
<status status="PASS" starttime="20221023 02:24:22.054" endtime="20221023 02:24:24.868"/>
</kw>
<status status="PASS" starttime="20221023 02:24:22.012" endtime="20221023 02:24:24.869"/>
</kw>
<status status="PASS" starttime="20221023 02:23:58.466" endtime="20221023 02:24:24.870"/>
</test>
<doc>criacao de cadastro</doc>
<status status="PASS" starttime="20221023 02:23:58.098" endtime="20221023 02:24:24.873"/>
</suite>
<statistics>
<total>
<stat pass="1" fail="0" skip="0">All Tests</stat>
</total>
<tag>
</tag>
<suite>
<stat pass="1" fail="0" skip="0" id="s1" name="desafio ABC">desafio ABC</stat>
</suite>
</statistics>
<errors>
</errors>
</robot>
