<?xml version="1.0" encoding="UTF-8"?>
<robot generator="Robot 5.0.1 (Python 3.10.8 on win32)" generated="20221023 22:21:41.456" rpa="false" schemaversion="3">
<suite id="s1" name="desafio ABC" source="c:\DesafioABC\DesafioCadastro\desafio_ABC.robot">
<test id="s1-t1" name="CN002: Verificar campos obrigatorios" line="15">
<kw name="Dado que acesso o site &quot;http://automationpractice.com/index.php?controller=authentication&amp;back=my-account&quot;" library="Resourse" sourcename="Dado que acesso o site &quot;${Site}&quot;">
<kw name="Open Browser" library="SeleniumLibrary">
<arg>url=${Site}</arg>
<arg>browser=${BROWSER}</arg>
<doc>Opens a new browser instance to the optional ``url``.</doc>
<msg timestamp="20221023 22:21:41.996" level="INFO">Opening browser 'chrome' to base url 'http://automationpractice.com/index.php?controller=authentication&amp;back=my-account'.</msg>
<status status="PASS" starttime="20221023 22:21:41.994" endtime="20221023 22:21:49.831"/>
</kw>
<status status="PASS" starttime="20221023 22:21:41.993" endtime="20221023 22:21:49.832"/>
</kw>
<kw name="E insiro um email valido no campo &quot;paulocabral_90@hotmail.com&quot;" library="Resourse" sourcename="E insiro um email valido no campo &quot;${Email}&quot;">
<kw name="Input Text" library="SeleniumLibrary">
<arg>//input[@id='email_create']</arg>
<arg>${Email}</arg>
<doc>Types the given ``text`` into the text field identified by ``locator``.</doc>
<msg timestamp="20221023 22:21:49.835" level="INFO">Typing text 'paulocabral_90@hotmail.com' into text field '//input[@id='email_create']'.</msg>
<status status="PASS" starttime="20221023 22:21:49.835" endtime="20221023 22:21:50.033"/>
</kw>
<status status="PASS" starttime="20221023 22:21:49.833" endtime="20221023 22:21:50.034"/>
</kw>
<kw name="E clico em Create an account" library="Resourse">
<kw name="Click Button" library="SeleniumLibrary">
<arg>//button[@id='SubmitCreate']</arg>
<doc>Clicks the button identified by ``locator``.</doc>
<msg timestamp="20221023 22:21:50.036" level="INFO">Clicking button '//button[@id='SubmitCreate']'.</msg>
<status status="PASS" starttime="20221023 22:21:50.036" endtime="20221023 22:21:50.152"/>
</kw>
<kw name="Wait Until Element Is Visible" library="SeleniumLibrary">
<arg>//div[@class='form-group form-ok']</arg>
<doc>Waits until the element ``locator`` is visible.</doc>
<status status="PASS" starttime="20221023 22:21:50.152" endtime="20221023 22:21:50.191"/>
</kw>
<kw name="Capture Page Screenshot" library="SeleniumLibrary">
<doc>Takes a screenshot of the current page and embeds it into a log file.</doc>
<msg timestamp="20221023 22:21:50.361" level="INFO" html="true">&lt;/td&gt;&lt;/tr&gt;&lt;tr&gt;&lt;td colspan="3"&gt;&lt;a href="selenium-screenshot-5.png"&gt;&lt;img src="selenium-screenshot-5.png" width="800px"&gt;&lt;/a&gt;</msg>
<status status="PASS" starttime="20221023 22:21:50.191" endtime="20221023 22:21:50.361"/>
</kw>
<status status="PASS" starttime="20221023 22:21:50.035" endtime="20221023 22:21:50.361"/>
</kw>
<kw name="E verifico se o campo &quot;First name &quot; e obrigatorio e apos preencho o campo &quot;Paulo&quot;" library="Resourse" sourcename="E verifico se o campo &quot;${Campo}&quot; e obrigatorio e apos preencho o campo &quot;${dado}&quot;">
<kw name="Sleep" library="BuiltIn">
<arg>5</arg>
<doc>Pauses the test executed for the given time.</doc>
<msg timestamp="20221023 22:21:55.364" level="INFO">Slept 5 seconds</msg>
<status status="PASS" starttime="20221023 22:21:50.363" endtime="20221023 22:21:55.364"/>
</kw>
<kw name="Clear Element Text" library="SeleniumLibrary">
<arg>//*[text()='${Campo}']//..//input[@class='is_required validate form-control']</arg>
<doc>Clears the value of the text-input-element identified by ``locator``.</doc>
<status status="PASS" starttime="20221023 22:21:55.364" endtime="20221023 22:21:55.414"/>
</kw>
<kw name="Click Element" library="SeleniumLibrary">
<arg>//*[text()='${Campo}']//..//input[@class='is_required validate form-control']</arg>
<doc>Click the element identified by ``locator``.</doc>
<msg timestamp="20221023 22:21:55.414" level="INFO">Clicking element '//*[text()='First name ']//..//input[@class='is_required validate form-control']'.</msg>
<status status="PASS" starttime="20221023 22:21:55.414" endtime="20221023 22:21:55.470"/>
</kw>
<kw name="Click Element" library="SeleniumLibrary">
<arg>//*[text()='Your address']</arg>
<doc>Click the element identified by ``locator``.</doc>
<msg timestamp="20221023 22:21:55.472" level="INFO">Clicking element '//*[text()='Your address']'.</msg>
<status status="PASS" starttime="20221023 22:21:55.471" endtime="20221023 22:21:55.541"/>
</kw>
<kw name="Capture Page Screenshot" library="SeleniumLibrary">
<doc>Takes a screenshot of the current page and embeds it into a log file.</doc>
<msg timestamp="20221023 22:21:55.670" level="INFO" html="true">&lt;/td&gt;&lt;/tr&gt;&lt;tr&gt;&lt;td colspan="3"&gt;&lt;a href="selenium-screenshot-6.png"&gt;&lt;img src="selenium-screenshot-6.png" width="800px"&gt;&lt;/a&gt;</msg>
<status status="PASS" starttime="20221023 22:21:55.542" endtime="20221023 22:21:55.670"/>
</kw>
<kw name="Click Button" library="SeleniumLibrary">
<arg>//button[@id='submitAccount']</arg>
<doc>Clicks the button identified by ``locator``.</doc>
<msg timestamp="20221023 22:21:55.671" level="INFO">Clicking button '//button[@id='submitAccount']'.</msg>
<status status="PASS" starttime="20221023 22:21:55.671" endtime="20221023 22:21:57.496"/>
</kw>
<kw name="Wait Until Element Is Visible" library="SeleniumLibrary">
<arg>//div[@class='alert alert-danger']</arg>
<doc>Waits until the element ``locator`` is visible.</doc>
<status status="PASS" starttime="20221023 22:21:57.496" endtime="20221023 22:21:57.530"/>
</kw>
<kw name="Capture Page Screenshot" library="SeleniumLibrary">
<doc>Takes a screenshot of the current page and embeds it into a log file.</doc>
<msg timestamp="20221023 22:21:57.654" level="INFO" html="true">&lt;/td&gt;&lt;/tr&gt;&lt;tr&gt;&lt;td colspan="3"&gt;&lt;a href="selenium-screenshot-7.png"&gt;&lt;img src="selenium-screenshot-7.png" width="800px"&gt;&lt;/a&gt;</msg>
<status status="PASS" starttime="20221023 22:21:57.531" endtime="20221023 22:21:57.655"/>
</kw>
<kw name="Input Text" library="SeleniumLibrary">
<arg>//*[text()='${Campo}']//..//input[@class='is_required validate form-control']</arg>
<arg>${dado}</arg>
<doc>Types the given ``text`` into the text field identified by ``locator``.</doc>
<msg timestamp="20221023 22:21:57.656" level="INFO">Typing text 'Paulo' into text field '//*[text()='First name ']//..//input[@class='is_required validate form-control']'.</msg>
<status status="PASS" starttime="20221023 22:21:57.655" endtime="20221023 22:21:57.773"/>
</kw>
<status status="PASS" starttime="20221023 22:21:50.362" endtime="20221023 22:21:57.773"/>
</kw>
<kw name="E verifico se o campo &quot;Last name &quot; e obrigatorio e apos preencho o campo &quot;Cabral&quot;" library="Resourse" sourcename="E verifico se o campo &quot;${Campo}&quot; e obrigatorio e apos preencho o campo &quot;${dado}&quot;">
<kw name="Sleep" library="BuiltIn">
<arg>5</arg>
<doc>Pauses the test executed for the given time.</doc>
<msg timestamp="20221023 22:22:02.786" level="INFO">Slept 5 seconds</msg>
<status status="PASS" starttime="20221023 22:21:57.776" endtime="20221023 22:22:02.786"/>
</kw>
<kw name="Clear Element Text" library="SeleniumLibrary">
<arg>//*[text()='${Campo}']//..//input[@class='is_required validate form-control']</arg>
<doc>Clears the value of the text-input-element identified by ``locator``.</doc>
<status status="PASS" starttime="20221023 22:22:02.786" endtime="20221023 22:22:02.832"/>
</kw>
<kw name="Click Element" library="SeleniumLibrary">
<arg>//*[text()='${Campo}']//..//input[@class='is_required validate form-control']</arg>
<doc>Click the element identified by ``locator``.</doc>
<msg timestamp="20221023 22:22:02.833" level="INFO">Clicking element '//*[text()='Last name ']//..//input[@class='is_required validate form-control']'.</msg>
<status status="PASS" starttime="20221023 22:22:02.832" endtime="20221023 22:22:02.904"/>
</kw>
<kw name="Click Element" library="SeleniumLibrary">
<arg>//*[text()='Your address']</arg>
<doc>Click the element identified by ``locator``.</doc>
<msg timestamp="20221023 22:22:02.905" level="INFO">Clicking element '//*[text()='Your address']'.</msg>
<status status="PASS" starttime="20221023 22:22:02.905" endtime="20221023 22:22:02.964"/>
</kw>
<kw name="Capture Page Screenshot" library="SeleniumLibrary">
<doc>Takes a screenshot of the current page and embeds it into a log file.</doc>
<msg timestamp="20221023 22:22:03.067" level="INFO" html="true">&lt;/td&gt;&lt;/tr&gt;&lt;tr&gt;&lt;td colspan="3"&gt;&lt;a href="selenium-screenshot-8.png"&gt;&lt;img src="selenium-screenshot-8.png" width="800px"&gt;&lt;/a&gt;</msg>
<status status="PASS" starttime="20221023 22:22:02.965" endtime="20221023 22:22:03.068"/>
</kw>
<kw name="Click Button" library="SeleniumLibrary">
<arg>//button[@id='submitAccount']</arg>
<doc>Clicks the button identified by ``locator``.</doc>
<msg timestamp="20221023 22:22:03.069" level="INFO">Clicking button '//button[@id='submitAccount']'.</msg>
<status status="PASS" starttime="20221023 22:22:03.068" endtime="20221023 22:22:04.416"/>
</kw>
<kw name="Wait Until Element Is Visible" library="SeleniumLibrary">
<arg>//div[@class='alert alert-danger']</arg>
<doc>Waits until the element ``locator`` is visible.</doc>
<status status="PASS" starttime="20221023 22:22:04.417" endtime="20221023 22:22:04.441"/>
</kw>
<kw name="Capture Page Screenshot" library="SeleniumLibrary">
<doc>Takes a screenshot of the current page and embeds it into a log file.</doc>
<msg timestamp="20221023 22:22:04.554" level="INFO" html="true">&lt;/td&gt;&lt;/tr&gt;&lt;tr&gt;&lt;td colspan="3"&gt;&lt;a href="selenium-screenshot-9.png"&gt;&lt;img src="selenium-screenshot-9.png" width="800px"&gt;&lt;/a&gt;</msg>
<status status="PASS" starttime="20221023 22:22:04.441" endtime="20221023 22:22:04.555"/>
</kw>
<kw name="Input Text" library="SeleniumLibrary">
<arg>//*[text()='${Campo}']//..//input[@class='is_required validate form-control']</arg>
<arg>${dado}</arg>
<doc>Types the given ``text`` into the text field identified by ``locator``.</doc>
<msg timestamp="20221023 22:22:04.555" level="INFO">Typing text 'Cabral' into text field '//*[text()='Last name ']//..//input[@class='is_required validate form-control']'.</msg>
<status status="PASS" starttime="20221023 22:22:04.555" endtime="20221023 22:22:04.670"/>
</kw>
<status status="PASS" starttime="20221023 22:21:57.775" endtime="20221023 22:22:04.670"/>
</kw>
<kw name="E verifico se o campo &quot;Email &quot; e obrigatorio e apos preencho o campo &quot;paulocabral_90@hotmail.com&quot;" library="Resourse" sourcename="E verifico se o campo &quot;${Campo}&quot; e obrigatorio e apos preencho o campo &quot;${dado}&quot;">
<kw name="Sleep" library="BuiltIn">
<arg>5</arg>
<doc>Pauses the test executed for the given time.</doc>
<msg timestamp="20221023 22:22:09.684" level="INFO">Slept 5 seconds</msg>
<status status="PASS" starttime="20221023 22:22:04.672" endtime="20221023 22:22:09.684"/>
</kw>
<kw name="Clear Element Text" library="SeleniumLibrary">
<arg>//*[text()='${Campo}']//..//input[@class='is_required validate form-control']</arg>
<doc>Clears the value of the text-input-element identified by ``locator``.</doc>
<status status="PASS" starttime="20221023 22:22:09.684" endtime="20221023 22:22:09.752"/>
</kw>
<kw name="Click Element" library="SeleniumLibrary">
<arg>//*[text()='${Campo}']//..//input[@class='is_required validate form-control']</arg>
<doc>Click the element identified by ``locator``.</doc>
<msg timestamp="20221023 22:22:09.753" level="INFO">Clicking element '//*[text()='Email ']//..//input[@class='is_required validate form-control']'.</msg>
<status status="PASS" starttime="20221023 22:22:09.752" endtime="20221023 22:22:09.814"/>
</kw>
<kw name="Click Element" library="SeleniumLibrary">
<arg>//*[text()='Your address']</arg>
<doc>Click the element identified by ``locator``.</doc>
<msg timestamp="20221023 22:22:09.815" level="INFO">Clicking element '//*[text()='Your address']'.</msg>
<status status="PASS" starttime="20221023 22:22:09.814" endtime="20221023 22:22:09.873"/>
</kw>
<kw name="Capture Page Screenshot" library="SeleniumLibrary">
<doc>Takes a screenshot of the current page and embeds it into a log file.</doc>
<msg timestamp="20221023 22:22:09.996" level="INFO" html="true">&lt;/td&gt;&lt;/tr&gt;&lt;tr&gt;&lt;td colspan="3"&gt;&lt;a href="selenium-screenshot-10.png"&gt;&lt;img src="selenium-screenshot-10.png" width="800px"&gt;&lt;/a&gt;</msg>
<status status="PASS" starttime="20221023 22:22:09.874" endtime="20221023 22:22:09.997"/>
</kw>
<kw name="Click Button" library="SeleniumLibrary">
<arg>//button[@id='submitAccount']</arg>
<doc>Clicks the button identified by ``locator``.</doc>
<msg timestamp="20221023 22:22:09.998" level="INFO">Clicking button '//button[@id='submitAccount']'.</msg>
<status status="PASS" starttime="20221023 22:22:09.997" endtime="20221023 22:22:11.377"/>
</kw>
<kw name="Wait Until Element Is Visible" library="SeleniumLibrary">
<arg>//div[@class='alert alert-danger']</arg>
<doc>Waits until the element ``locator`` is visible.</doc>
<status status="PASS" starttime="20221023 22:22:11.378" endtime="20221023 22:22:11.402"/>
</kw>
<kw name="Capture Page Screenshot" library="SeleniumLibrary">
<doc>Takes a screenshot of the current page and embeds it into a log file.</doc>
<msg timestamp="20221023 22:22:11.555" level="INFO" html="true">&lt;/td&gt;&lt;/tr&gt;&lt;tr&gt;&lt;td colspan="3"&gt;&lt;a href="selenium-screenshot-11.png"&gt;&lt;img src="selenium-screenshot-11.png" width="800px"&gt;&lt;/a&gt;</msg>
<status status="PASS" starttime="20221023 22:22:11.402" endtime="20221023 22:22:11.556"/>
</kw>
<kw name="Input Text" library="SeleniumLibrary">
<arg>//*[text()='${Campo}']//..//input[@class='is_required validate form-control']</arg>
<arg>${dado}</arg>
<doc>Types the given ``text`` into the text field identified by ``locator``.</doc>
<msg timestamp="20221023 22:22:11.556" level="INFO">Typing text 'paulocabral_90@hotmail.com' into text field '//*[text()='Email ']//..//input[@class='is_required validate form-control']'.</msg>
<status status="PASS" starttime="20221023 22:22:11.556" endtime="20221023 22:22:11.700"/>
</kw>
<status status="PASS" starttime="20221023 22:22:04.671" endtime="20221023 22:22:11.701"/>
</kw>
<kw name="E verifico se o campo &quot;Password &quot; e obrigatorio e apos preencho o campo &quot;12345&quot;" library="Resourse" sourcename="E verifico se o campo &quot;${Campo}&quot; e obrigatorio e apos preencho o campo &quot;${dado}&quot;">
<kw name="Sleep" library="BuiltIn">
<arg>5</arg>
<doc>Pauses the test executed for the given time.</doc>
<msg timestamp="20221023 22:22:16.714" level="INFO">Slept 5 seconds</msg>
<status status="PASS" starttime="20221023 22:22:11.703" endtime="20221023 22:22:16.715"/>
</kw>
<kw name="Clear Element Text" library="SeleniumLibrary">
<arg>//*[text()='${Campo}']//..//input[@class='is_required validate form-control']</arg>
<doc>Clears the value of the text-input-element identified by ``locator``.</doc>
<status status="PASS" starttime="20221023 22:22:16.715" endtime="20221023 22:22:16.763"/>
</kw>
<kw name="Click Element" library="SeleniumLibrary">
<arg>//*[text()='${Campo}']//..//input[@class='is_required validate form-control']</arg>
<doc>Click the element identified by ``locator``.</doc>
<msg timestamp="20221023 22:22:16.764" level="INFO">Clicking element '//*[text()='Password ']//..//input[@class='is_required validate form-control']'.</msg>
<status status="PASS" starttime="20221023 22:22:16.764" endtime="20221023 22:22:16.826"/>
</kw>
<kw name="Click Element" library="SeleniumLibrary">
<arg>//*[text()='Your address']</arg>
<doc>Click the element identified by ``locator``.</doc>
<msg timestamp="20221023 22:22:16.828" level="INFO">Clicking element '//*[text()='Your address']'.</msg>
<status status="PASS" starttime="20221023 22:22:16.827" endtime="20221023 22:22:16.885"/>
</kw>
<kw name="Capture Page Screenshot" library="SeleniumLibrary">
<doc>Takes a screenshot of the current page and embeds it into a log file.</doc>
<msg timestamp="20221023 22:22:16.992" level="INFO" html="true">&lt;/td&gt;&lt;/tr&gt;&lt;tr&gt;&lt;td colspan="3"&gt;&lt;a href="selenium-screenshot-12.png"&gt;&lt;img src="selenium-screenshot-12.png" width="800px"&gt;&lt;/a&gt;</msg>
<status status="PASS" starttime="20221023 22:22:16.886" endtime="20221023 22:22:16.992"/>
</kw>
<kw name="Click Button" library="SeleniumLibrary">
<arg>//button[@id='submitAccount']</arg>
<doc>Clicks the button identified by ``locator``.</doc>
<msg timestamp="20221023 22:22:16.993" level="INFO">Clicking button '//button[@id='submitAccount']'.</msg>
<status status="PASS" starttime="20221023 22:22:16.993" endtime="20221023 22:22:18.378"/>
</kw>
<kw name="Wait Until Element Is Visible" library="SeleniumLibrary">
<arg>//div[@class='alert alert-danger']</arg>
<doc>Waits until the element ``locator`` is visible.</doc>
<status status="PASS" starttime="20221023 22:22:18.378" endtime="20221023 22:22:18.399"/>
</kw>
<kw name="Capture Page Screenshot" library="SeleniumLibrary">
<doc>Takes a screenshot of the current page and embeds it into a log file.</doc>
<msg timestamp="20221023 22:22:18.519" level="INFO" html="true">&lt;/td&gt;&lt;/tr&gt;&lt;tr&gt;&lt;td colspan="3"&gt;&lt;a href="selenium-screenshot-13.png"&gt;&lt;img src="selenium-screenshot-13.png" width="800px"&gt;&lt;/a&gt;</msg>
<status status="PASS" starttime="20221023 22:22:18.400" endtime="20221023 22:22:18.520"/>
</kw>
<kw name="Input Text" library="SeleniumLibrary">
<arg>//*[text()='${Campo}']//..//input[@class='is_required validate form-control']</arg>
<arg>${dado}</arg>
<doc>Types the given ``text`` into the text field identified by ``locator``.</doc>
<msg timestamp="20221023 22:22:18.521" level="INFO">Typing text '12345' into text field '//*[text()='Password ']//..//input[@class='is_required validate form-control']'.</msg>
<status status="PASS" starttime="20221023 22:22:18.520" endtime="20221023 22:22:18.671"/>
</kw>
<status status="PASS" starttime="20221023 22:22:11.702" endtime="20221023 22:22:18.672"/>
</kw>
<kw name="Então fecho o browser" library="Resourse">
<kw name="Close All Browsers" library="SeleniumLibrary">
<doc>Closes all open browsers and resets the browser cache.</doc>
<status status="PASS" starttime="20221023 22:22:18.674" endtime="20221023 22:22:21.334"/>
</kw>
<status status="PASS" starttime="20221023 22:22:18.673" endtime="20221023 22:22:21.335"/>
</kw>
<status status="PASS" starttime="20221023 22:21:41.991" endtime="20221023 22:22:21.336"/>
</test>
<doc>criacao de cadastro</doc>
<status status="PASS" starttime="20221023 22:21:41.465" endtime="20221023 22:22:21.338"/>
</suite>
<statistics>
<total>
<stat pass="1" fail="0" skip="0">All Tests</stat>
</total>
<tag>
</tag>
<suite>
<stat pass="1" fail="0" skip="0" id="s1" name="desafio ABC">desafio ABC</stat>
</suite>
</statistics>
<errors>
</errors>
</robot>
